2019-04-10 10:32:22,589 INFO  [org.alfresco.web.config.packaging.ModulePackageManager] [localhost-startStop-1] Found 1 module package(s)
2019-04-10 10:32:22,595 INFO  [org.alfresco.web.config.packaging.ModulePackageManager] [localhost-startStop-1] Alfresco Share JAR Module, 1.0-SNAPSHOT, Sample Share JAR Module (to be included in the share.war) - part of AIO - SDK 3

2019-04-10 10:32:23,144 INFO  [org.springframework.extensions.webscripts.TemplateProcessorRegistry] [localhost-startStop-1] Registered template processor freemarker for extension ftl
2019-04-10 10:32:23,149 INFO  [org.springframework.extensions.webscripts.ScriptProcessorRegistry] [localhost-startStop-1] Registered script processor javascript for extension js
2019-04-10 10:32:23,152 INFO  [org.springframework.extensions.webscripts.TemplateProcessorRegistry] [localhost-startStop-1] Registered template processor freemarker for extension ftl
2019-04-10 10:32:23,154 INFO  [org.springframework.extensions.webscripts.ScriptProcessorRegistry] [localhost-startStop-1] Registered script processor javascript for extension js
2019-04-10 10:32:27,916 INFO  [org.springframework.extensions.webscripts.DeclarativeRegistry] [localhost-startStop-1] Registered 393 Web Scripts (+0 failed), 411 URLs
2019-04-10 10:32:27,917 INFO  [org.springframework.extensions.webscripts.DeclarativeRegistry] [localhost-startStop-1] Registered 8 Package Description Documents (+0 failed) 
2019-04-10 10:32:27,917 INFO  [org.springframework.extensions.webscripts.DeclarativeRegistry] [localhost-startStop-1] Registered 0 Schema Description Documents (+0 failed) 
2019-04-10 10:32:28,008 INFO  [org.springframework.extensions.webscripts.AbstractRuntimeContainer] [localhost-startStop-1] Initialised Surf Container Web Script Container (in 4813.195ms)
2019-04-10 10:32:28,011 INFO  [org.springframework.extensions.webscripts.TemplateProcessorRegistry] [localhost-startStop-1] Registered template processor freemarker for extension ftl
2019-04-10 10:32:28,013 INFO  [org.springframework.extensions.webscripts.ScriptProcessorRegistry] [localhost-startStop-1] Registered script processor javascript for extension js
2019-04-10 10:33:20,889 INFO  [org.alfresco.web.site.EditionInterceptor] [http-bio-8080-exec-6] Successfully retrieved license information from Alfresco.
2019-04-10 10:34:09,744 INFO  [org.alfresco.web.scripts.DictionaryQuery] [http-bio-8080-exec-8] Successfully retrieved Data Dictionary from Alfresco.
2019-04-10 10:39:19,938 INFO  [org.alfresco.web.scripts.ImapServerStatus] [http-bio-8080-exec-13] Successfully retrieved IMAP server status from Alfresco: disabled
2019-04-10 10:39:27,263 INFO  [org.alfresco.web.scripts.QuickShareStatus] [http-bio-8080-exec-13] Successfully retrieved quick share information from Alfresco.
2019-04-10 10:39:27,334 INFO  [org.alfresco.web.scripts.MimetypesQuery] [http-bio-8080-exec-13] Successfully retrieved mimetypes information from Alfresco.
2019-04-10 10:53:39,230 INFO  [org.alfresco.web.config.packaging.ModulePackageManager] [localhost-startStop-1] Found 1 module package(s)
2019-04-10 10:53:39,232 INFO  [org.alfresco.web.config.packaging.ModulePackageManager] [localhost-startStop-1] Alfresco Share JAR Module, 1.0-SNAPSHOT, Sample Share JAR Module (to be included in the share.war) - part of AIO - SDK 3

2019-04-10 10:53:39,894 INFO  [org.springframework.extensions.webscripts.TemplateProcessorRegistry] [localhost-startStop-1] Registered template processor freemarker for extension ftl
2019-04-10 10:53:39,900 INFO  [org.springframework.extensions.webscripts.ScriptProcessorRegistry] [localhost-startStop-1] Registered script processor javascript for extension js
2019-04-10 10:53:39,904 INFO  [org.springframework.extensions.webscripts.TemplateProcessorRegistry] [localhost-startStop-1] Registered template processor freemarker for extension ftl
2019-04-10 10:53:39,906 INFO  [org.springframework.extensions.webscripts.ScriptProcessorRegistry] [localhost-startStop-1] Registered script processor javascript for extension js
2019-04-10 10:53:44,828 INFO  [org.springframework.extensions.webscripts.DeclarativeRegistry] [localhost-startStop-1] Registered 393 Web Scripts (+0 failed), 411 URLs
2019-04-10 10:53:44,829 INFO  [org.springframework.extensions.webscripts.DeclarativeRegistry] [localhost-startStop-1] Registered 8 Package Description Documents (+0 failed) 
2019-04-10 10:53:44,829 INFO  [org.springframework.extensions.webscripts.DeclarativeRegistry] [localhost-startStop-1] Registered 0 Schema Description Documents (+0 failed) 
2019-04-10 10:53:44,939 INFO  [org.springframework.extensions.webscripts.AbstractRuntimeContainer] [localhost-startStop-1] Initialised Surf Container Web Script Container (in 5001.906ms)
2019-04-10 10:53:44,942 INFO  [org.springframework.extensions.webscripts.TemplateProcessorRegistry] [localhost-startStop-1] Registered template processor freemarker for extension ftl
2019-04-10 10:53:44,943 INFO  [org.springframework.extensions.webscripts.ScriptProcessorRegistry] [localhost-startStop-1] Registered script processor javascript for extension js
2019-04-10 10:54:20,645 INFO  [org.alfresco.web.site.EditionInterceptor] [http-bio-8080-exec-1] Successfully retrieved license information from Alfresco.
2019-04-10 10:55:06,032 INFO  [org.alfresco.web.scripts.DictionaryQuery] [http-bio-8080-exec-6] Successfully retrieved Data Dictionary from Alfresco.
2019-04-10 11:05:44,280 INFO  [org.alfresco.web.config.packaging.ModulePackageManager] [localhost-startStop-1] Found 1 module package(s)
2019-04-10 11:05:44,282 INFO  [org.alfresco.web.config.packaging.ModulePackageManager] [localhost-startStop-1] Alfresco Share JAR Module, 1.0-SNAPSHOT, Sample Share JAR Module (to be included in the share.war) - part of AIO - SDK 3

2019-04-10 11:05:44,847 INFO  [org.springframework.extensions.webscripts.TemplateProcessorRegistry] [localhost-startStop-1] Registered template processor freemarker for extension ftl
2019-04-10 11:05:44,847 INFO  [org.springframework.extensions.webscripts.ScriptProcessorRegistry] [localhost-startStop-1] Registered script processor javascript for extension js
2019-04-10 11:05:44,847 INFO  [org.springframework.extensions.webscripts.TemplateProcessorRegistry] [localhost-startStop-1] Registered template processor freemarker for extension ftl
2019-04-10 11:05:44,855 INFO  [org.springframework.extensions.webscripts.ScriptProcessorRegistry] [localhost-startStop-1] Registered script processor javascript for extension js
2019-04-10 11:05:49,374 INFO  [org.springframework.extensions.webscripts.DeclarativeRegistry] [localhost-startStop-1] Registered 393 Web Scripts (+0 failed), 411 URLs
2019-04-10 11:05:49,374 INFO  [org.springframework.extensions.webscripts.DeclarativeRegistry] [localhost-startStop-1] Registered 8 Package Description Documents (+0 failed) 
2019-04-10 11:05:49,374 INFO  [org.springframework.extensions.webscripts.DeclarativeRegistry] [localhost-startStop-1] Registered 0 Schema Description Documents (+0 failed) 
2019-04-10 11:05:49,478 INFO  [org.springframework.extensions.webscripts.AbstractRuntimeContainer] [localhost-startStop-1] Initialised Surf Container Web Script Container (in 4598.747ms)
2019-04-10 11:05:49,478 INFO  [org.springframework.extensions.webscripts.TemplateProcessorRegistry] [localhost-startStop-1] Registered template processor freemarker for extension ftl
2019-04-10 11:05:49,478 INFO  [org.springframework.extensions.webscripts.ScriptProcessorRegistry] [localhost-startStop-1] Registered script processor javascript for extension js
2019-04-10 11:06:12,219 INFO  [org.alfresco.web.site.EditionInterceptor] [http-bio-8080-exec-1] Successfully retrieved license information from Alfresco.
2019-04-10 11:06:54,839 INFO  [org.alfresco.web.scripts.DictionaryQuery] [http-bio-8080-exec-8] Successfully retrieved Data Dictionary from Alfresco.
2019-04-10 11:16:07,517 INFO  [org.alfresco.web.config.packaging.ModulePackageManager] [localhost-startStop-1] Found 1 module package(s)
2019-04-10 11:16:07,520 INFO  [org.alfresco.web.config.packaging.ModulePackageManager] [localhost-startStop-1] Alfresco Share JAR Module, 1.0-SNAPSHOT, Sample Share JAR Module (to be included in the share.war) - part of AIO - SDK 3

2019-04-10 11:16:08,181 INFO  [org.springframework.extensions.webscripts.TemplateProcessorRegistry] [localhost-startStop-1] Registered template processor freemarker for extension ftl
2019-04-10 11:16:08,186 INFO  [org.springframework.extensions.webscripts.ScriptProcessorRegistry] [localhost-startStop-1] Registered script processor javascript for extension js
2019-04-10 11:16:08,188 INFO  [org.springframework.extensions.webscripts.TemplateProcessorRegistry] [localhost-startStop-1] Registered template processor freemarker for extension ftl
2019-04-10 11:16:08,190 INFO  [org.springframework.extensions.webscripts.ScriptProcessorRegistry] [localhost-startStop-1] Registered script processor javascript for extension js
2019-04-10 11:16:13,719 INFO  [org.springframework.extensions.webscripts.DeclarativeRegistry] [localhost-startStop-1] Registered 393 Web Scripts (+0 failed), 411 URLs
2019-04-10 11:16:13,720 INFO  [org.springframework.extensions.webscripts.DeclarativeRegistry] [localhost-startStop-1] Registered 8 Package Description Documents (+0 failed) 
2019-04-10 11:16:13,720 INFO  [org.springframework.extensions.webscripts.DeclarativeRegistry] [localhost-startStop-1] Registered 0 Schema Description Documents (+0 failed) 
2019-04-10 11:16:13,851 INFO  [org.springframework.extensions.webscripts.AbstractRuntimeContainer] [localhost-startStop-1] Initialised Surf Container Web Script Container (in 5626.81ms)
2019-04-10 11:16:13,855 INFO  [org.springframework.extensions.webscripts.TemplateProcessorRegistry] [localhost-startStop-1] Registered template processor freemarker for extension ftl
2019-04-10 11:16:13,857 INFO  [org.springframework.extensions.webscripts.ScriptProcessorRegistry] [localhost-startStop-1] Registered script processor javascript for extension js
2019-04-10 11:16:53,222 INFO  [org.alfresco.web.site.EditionInterceptor] [http-bio-8080-exec-2] Successfully retrieved license information from Alfresco.
2019-04-10 11:18:16,271 INFO  [org.alfresco.web.scripts.DictionaryQuery] [http-bio-8080-exec-2] Successfully retrieved Data Dictionary from Alfresco.
2019-04-10 12:07:43,044 INFO  [org.alfresco.web.config.packaging.ModulePackageManager] [localhost-startStop-1] Found 1 module package(s)
2019-04-10 12:07:43,046 INFO  [org.alfresco.web.config.packaging.ModulePackageManager] [localhost-startStop-1] Alfresco Share JAR Module, 1.0-SNAPSHOT, Sample Share JAR Module (to be included in the share.war) - part of AIO - SDK 3

2019-04-10 12:07:43,568 INFO  [org.springframework.extensions.webscripts.TemplateProcessorRegistry] [localhost-startStop-1] Registered template processor freemarker for extension ftl
2019-04-10 12:07:43,568 INFO  [org.springframework.extensions.webscripts.ScriptProcessorRegistry] [localhost-startStop-1] Registered script processor javascript for extension js
2019-04-10 12:07:43,568 INFO  [org.springframework.extensions.webscripts.TemplateProcessorRegistry] [localhost-startStop-1] Registered template processor freemarker for extension ftl
2019-04-10 12:07:43,568 INFO  [org.springframework.extensions.webscripts.ScriptProcessorRegistry] [localhost-startStop-1] Registered script processor javascript for extension js
2019-04-10 12:07:48,063 INFO  [org.springframework.extensions.webscripts.DeclarativeRegistry] [localhost-startStop-1] Registered 393 Web Scripts (+0 failed), 411 URLs
2019-04-10 12:07:48,063 INFO  [org.springframework.extensions.webscripts.DeclarativeRegistry] [localhost-startStop-1] Registered 8 Package Description Documents (+0 failed) 
2019-04-10 12:07:48,063 INFO  [org.springframework.extensions.webscripts.DeclarativeRegistry] [localhost-startStop-1] Registered 0 Schema Description Documents (+0 failed) 
2019-04-10 12:07:48,163 INFO  [org.springframework.extensions.webscripts.AbstractRuntimeContainer] [localhost-startStop-1] Initialised Surf Container Web Script Container (in 4566.771ms)
2019-04-10 12:07:48,163 INFO  [org.springframework.extensions.webscripts.TemplateProcessorRegistry] [localhost-startStop-1] Registered template processor freemarker for extension ftl
2019-04-10 12:07:48,163 INFO  [org.springframework.extensions.webscripts.ScriptProcessorRegistry] [localhost-startStop-1] Registered script processor javascript for extension js
2019-04-10 12:32:03,067 INFO  [org.alfresco.web.site.EditionInterceptor] [http-bio-8080-exec-1] Successfully retrieved license information from Alfresco.
2019-04-10 12:32:50,153 INFO  [org.alfresco.web.scripts.DictionaryQuery] [http-bio-8080-exec-6] Successfully retrieved Data Dictionary from Alfresco.
2019-04-10 13:19:32,742 INFO  [org.alfresco.web.scripts.ImapServerStatus] [http-bio-8080-exec-34] Successfully retrieved IMAP server status from Alfresco: disabled
2019-04-10 13:19:40,243 INFO  [org.alfresco.web.scripts.QuickShareStatus] [http-bio-8080-exec-34] Successfully retrieved quick share information from Alfresco.
2019-04-10 13:19:40,317 INFO  [org.alfresco.web.scripts.MimetypesQuery] [http-bio-8080-exec-34] Successfully retrieved mimetypes information from Alfresco.
